This is pdfTeX, Version 3.14159265-2.6-1.40.18 (TeX Live 2017) (preloaded format=pdflatex 2017.5.23)  16 SEP 2018 17:45
entering extended mode
 restricted \write18 enabled.
 %&-line parsing enabled.
**math3100_hw2.tex
(./math3100_hw2.tex
LaTeX2e <2017-04-15>
Babel <3.10> and hyphenation patterns for 84 language(s) loaded.
(/usr/local/texlive/2017/texmf-dist/tex/latex/base/report.cls
Document Class: report 2014/09/29 v1.4h Standard LaTeX document class
(/usr/local/texlive/2017/texmf-dist/tex/latex/base/size10.clo
File: size10.clo 2014/09/29 v1.4h Standard LaTeX file (size option)
)
\c@part=\count79
\c@chapter=\count80
\c@section=\count81
\c@subsection=\count82
\c@subsubsection=\count83
\c@paragraph=\count84
\c@subparagraph=\count85
\c@figure=\count86
\c@table=\count87
\abovecaptionskip=\skip41
\belowcaptionskip=\skip42
\bibindent=\dimen102
)
(/usr/local/texlive/2017/texmf-dist/tex/latex/hyperref/hyperref.sty
Package: hyperref 2017/03/14 v6.85a Hypertext links for LaTeX

(/usr/local/texlive/2017/texmf-dist/tex/generic/oberdiek/hobsub-hyperref.sty
Package: hobsub-hyperref 2016/05/16 v1.14 Bundle oberdiek, subset hyperref (HO)


(/usr/local/texlive/2017/texmf-dist/tex/generic/oberdiek/hobsub-generic.sty
Package: hobsub-generic 2016/05/16 v1.14 Bundle oberdiek, subset generic (HO)
Package: hobsub 2016/05/16 v1.14 Construct package bundles (HO)
Package: infwarerr 2016/05/16 v1.4 Providing info/warning/error messages (HO)
Package: ltxcmds 2016/05/16 v1.23 LaTeX kernel commands for general use (HO)
Package: ifluatex 2016/05/16 v1.4 Provides the ifluatex switch (HO)
Package ifluatex Info: LuaTeX not detected.
Package: ifvtex 2016/05/16 v1.6 Detect VTeX and its facilities (HO)
Package ifvtex Info: VTeX not detected.
Package: intcalc 2016/05/16 v1.2 Expandable calculations with integers (HO)
Package: ifpdf 2017/03/15 v3.2 Provides the ifpdf switch
Package: etexcmds 2016/05/16 v1.6 Avoid name clashes with e-TeX commands (HO)
Package etexcmds Info: Could not find \expanded.
(etexcmds)             That can mean that you are not using pdfTeX 1.50 or
(etexcmds)             that some package has redefined \expanded.
(etexcmds)             In the latter case, load this package earlier.
Package: kvsetkeys 2016/05/16 v1.17 Key value parser (HO)
Package: kvdefinekeys 2016/05/16 v1.4 Define keys (HO)
Package: pdftexcmds 2017/03/19 v0.25 Utility functions of pdfTeX for LuaTeX (HO
)
Package pdftexcmds Info: LuaTeX not detected.
Package pdftexcmds Info: \pdf@primitive is available.
Package pdftexcmds Info: \pdf@ifprimitive is available.
Package pdftexcmds Info: \pdfdraftmode found.
Package: pdfescape 2016/05/16 v1.14 Implements pdfTeX's escape features (HO)
Package: bigintcalc 2016/05/16 v1.4 Expandable calculations on big integers (HO
)
Package: bitset 2016/05/16 v1.2 Handle bit-vector datatype (HO)
Package: uniquecounter 2016/05/16 v1.3 Provide unlimited unique counter (HO)
)
Package hobsub Info: Skipping package `hobsub' (already loaded).
Package: letltxmacro 2016/05/16 v1.5 Let assignment for LaTeX macros (HO)
Package: hopatch 2016/05/16 v1.3 Wrapper for package hooks (HO)
Package: xcolor-patch 2016/05/16 xcolor patch
Package: atveryend 2016/05/16 v1.9 Hooks at the very end of document (HO)
Package atveryend Info: \enddocument detected (standard20110627).
Package: atbegshi 2016/06/09 v1.18 At begin shipout hook (HO)
Package: refcount 2016/05/16 v3.5 Data extraction from label references (HO)
Package: hycolor 2016/05/16 v1.8 Color options for hyperref/bookmark (HO)
)
(/usr/local/texlive/2017/texmf-dist/tex/latex/graphics/keyval.sty
Package: keyval 2014/10/28 v1.15 key=value parser (DPC)
\KV@toks@=\toks14
)
(/usr/local/texlive/2017/texmf-dist/tex/generic/ifxetex/ifxetex.sty
Package: ifxetex 2010/09/12 v0.6 Provides ifxetex conditional
)
(/usr/local/texlive/2017/texmf-dist/tex/latex/oberdiek/auxhook.sty
Package: auxhook 2016/05/16 v1.4 Hooks for auxiliary files (HO)
)
(/usr/local/texlive/2017/texmf-dist/tex/latex/oberdiek/kvoptions.sty
Package: kvoptions 2016/05/16 v3.12 Key value format for package options (HO)
)
\@linkdim=\dimen103
\Hy@linkcounter=\count88
\Hy@pagecounter=\count89

(/usr/local/texlive/2017/texmf-dist/tex/latex/hyperref/pd1enc.def
File: pd1enc.def 2017/03/14 v6.85a Hyperref: PDFDocEncoding definition (HO)
)
\Hy@SavedSpaceFactor=\count90

(/usr/local/texlive/2017/texmf-dist/tex/latex/latexconfig/hyperref.cfg
File: hyperref.cfg 2002/06/06 v1.2 hyperref configuration of TeXLive
)
Package hyperref Info: Option `colorlinks' set `true' on input line 4374.
Package hyperref Info: Hyper figures OFF on input line 4498.
Package hyperref Info: Link nesting OFF on input line 4503.
Package hyperref Info: Hyper index ON on input line 4506.
Package hyperref Info: Plain pages OFF on input line 4513.
Package hyperref Info: Backreferencing OFF on input line 4518.
Package hyperref Info: Implicit mode ON; LaTeX internals redefined.
Package hyperref Info: Bookmarks ON on input line 4751.
\c@Hy@tempcnt=\count91

(/usr/local/texlive/2017/texmf-dist/tex/latex/url/url.sty
\Urlmuskip=\muskip10
Package: url 2013/09/16  ver 3.4  Verb mode for urls, etc.
)
LaTeX Info: Redefining \url on input line 5104.
\XeTeXLinkMargin=\dimen104
\Fld@menulength=\count92
\Field@Width=\dimen105
\Fld@charsize=\dimen106
Package hyperref Info: Hyper figures OFF on input line 6358.
Package hyperref Info: Link nesting OFF on input line 6363.
Package hyperref Info: Hyper index ON on input line 6366.
Package hyperref Info: backreferencing OFF on input line 6373.
Package hyperref Info: Link coloring ON on input line 6376.
Package hyperref Info: Link coloring with OCG OFF on input line 6383.
Package hyperref Info: PDF/A mode OFF on input line 6388.
LaTeX Info: Redefining \ref on input line 6428.
LaTeX Info: Redefining \pageref on input line 6432.
\Hy@abspage=\count93
\c@Item=\count94
\c@Hfootnote=\count95
)

Package hyperref Message: Driver (autodetected): hpdftex.

(/usr/local/texlive/2017/texmf-dist/tex/latex/hyperref/hpdftex.def
File: hpdftex.def 2017/03/14 v6.85a Hyperref driver for pdfTeX
\Fld@listcount=\count96
\c@bookmark@seq@number=\count97

(/usr/local/texlive/2017/texmf-dist/tex/latex/oberdiek/rerunfilecheck.sty
Package: rerunfilecheck 2016/05/16 v1.8 Rerun checks for auxiliary files (HO)
Package uniquecounter Info: New unique counter `rerunfilecheck' on input line 2
82.
)
\Hy@SectionHShift=\skip43
)
(/usr/local/texlive/2017/texmf-dist/tex/latex/psnfss/mathpazo.sty
Package: mathpazo 2005/04/12 PSNFSS-v9.2a Palatino w/ Pazo Math (D.Puga, WaS) 
\symupright=\mathgroup4
)
(/usr/local/texlive/2017/texmf-dist/tex/latex/amsmath/amsmath.sty
Package: amsmath 2016/11/05 v2.16a AMS math features
\@mathmargin=\skip44

For additional information on amsmath, use the `?' option.
(/usr/local/texlive/2017/texmf-dist/tex/latex/amsmath/amstext.sty
Package: amstext 2000/06/29 v2.01 AMS text

(/usr/local/texlive/2017/texmf-dist/tex/latex/amsmath/amsgen.sty
File: amsgen.sty 1999/11/30 v2.0 generic functions
\@emptytoks=\toks15
\ex@=\dimen107
))
(/usr/local/texlive/2017/texmf-dist/tex/latex/amsmath/amsbsy.sty
Package: amsbsy 1999/11/29 v1.2d Bold Symbols
\pmbraise@=\dimen108
)
(/usr/local/texlive/2017/texmf-dist/tex/latex/amsmath/amsopn.sty
Package: amsopn 2016/03/08 v2.02 operator names
)
\inf@bad=\count98
LaTeX Info: Redefining \frac on input line 213.
\uproot@=\count99
\leftroot@=\count100
LaTeX Info: Redefining \overline on input line 375.
\classnum@=\count101
\DOTSCASE@=\count102
LaTeX Info: Redefining \ldots on input line 472.
LaTeX Info: Redefining \dots on input line 475.
LaTeX Info: Redefining \cdots on input line 596.
\Mathstrutbox@=\box26
\strutbox@=\box27
\big@size=\dimen109
LaTeX Font Info:    Redeclaring font encoding OML on input line 712.
LaTeX Font Info:    Redeclaring font encoding OMS on input line 713.
\macc@depth=\count103
\c@MaxMatrixCols=\count104
\dotsspace@=\muskip11
\c@parentequation=\count105
\dspbrk@lvl=\count106
\tag@help=\toks16
\row@=\count107
\column@=\count108
\maxfields@=\count109
\andhelp@=\toks17
\eqnshift@=\dimen110
\alignsep@=\dimen111
\tagshift@=\dimen112
\tagwidth@=\dimen113
\totwidth@=\dimen114
\lineht@=\dimen115
\@envbody=\toks18
\multlinegap=\skip45
\multlinetaggap=\skip46
\mathdisplay@stack=\toks19
LaTeX Info: Redefining \[ on input line 2817.
LaTeX Info: Redefining \] on input line 2818.
)
(/usr/local/texlive/2017/texmf-dist/tex/latex/amsfonts/amsfonts.sty
Package: amsfonts 2013/01/14 v3.01 Basic AMSFonts support
\symAMSa=\mathgroup5
\symAMSb=\mathgroup6
LaTeX Font Info:    Overwriting math alphabet `\mathfrak' in version `bold'
(Font)                  U/euf/m/n --> U/euf/b/n on input line 106.
)
(/usr/local/texlive/2017/texmf-dist/tex/latex/graphics/graphicx.sty
Package: graphicx 2014/10/28 v1.0g Enhanced LaTeX Graphics (DPC,SPQR)

(/usr/local/texlive/2017/texmf-dist/tex/latex/graphics/graphics.sty
Package: graphics 2017/04/14 v1.1b Standard LaTeX Graphics (DPC,SPQR)

(/usr/local/texlive/2017/texmf-dist/tex/latex/graphics/trig.sty
Package: trig 2016/01/03 v1.10 sin cos tan (DPC)
)
(/usr/local/texlive/2017/texmf-dist/tex/latex/graphics-cfg/graphics.cfg
File: graphics.cfg 2016/06/04 v1.11 sample graphics configuration
)
Package graphics Info: Driver file: pdftex.def on input line 99.

(/usr/local/texlive/2017/texmf-dist/tex/latex/graphics-def/pdftex.def
File: pdftex.def 2017/01/12 v0.06k Graphics/color for pdfTeX
\Gread@gobject=\count110
))
\Gin@req@height=\dimen116
\Gin@req@width=\dimen117
)
(/usr/local/texlive/2017/texmf-dist/tex/latex/base/latexsym.sty
Package: latexsym 1998/08/17 v2.2e Standard LaTeX package (lasy symbols)
\symlasy=\mathgroup7
LaTeX Font Info:    Overwriting symbol font `lasy' in version `bold'
(Font)                  U/lasy/m/n --> U/lasy/b/n on input line 52.
)
(/usr/local/texlive/2017/texmf-dist/tex/latex/enumitem/enumitem.sty
Package: enumitem 2011/09/28 v3.5.2 Customized lists
\labelindent=\skip47
\enit@outerparindent=\dimen118
\enit@toks=\toks20
\enit@inbox=\box28
\enitdp@description=\count111
)
(/usr/local/texlive/2017/texmf-dist/tex/latex/geometry/geometry.sty
Package: geometry 2010/09/12 v5.6 Page Geometry
\Gm@cnth=\count112
\Gm@cntv=\count113
\c@Gm@tempcnt=\count114
\Gm@bindingoffset=\dimen119
\Gm@wd@mp=\dimen120
\Gm@odd@mp=\dimen121
\Gm@even@mp=\dimen122
\Gm@layoutwidth=\dimen123
\Gm@layoutheight=\dimen124
\Gm@layouthoffset=\dimen125
\Gm@layoutvoffset=\dimen126
\Gm@dimlist=\toks21
)
(/usr/local/texlive/2017/texmf-dist/tex/latex/graphics/color.sty
Package: color 2016/07/10 v1.1e Standard LaTeX Color (DPC)

(/usr/local/texlive/2017/texmf-dist/tex/latex/graphics-cfg/color.cfg
File: color.cfg 2016/01/02 v1.6 sample color configuration
)
Package color Info: Driver file: pdftex.def on input line 147.
)
(/usr/local/texlive/2017/texmf-dist/tex/latex/clrscode/clrscode.sty
Package: clrscode 2007/03/29 v1.7 format pseudocode
\c@codelinenumber=\count115
\c@indent=\count116
\digitwidth=\skip48
\savecode=\box29
\codeboxwidth=\skip49
\c@thisindent=\count117
)
(/usr/local/texlive/2017/texmf-dist/tex/latex/qtree/qtree.sty
Package: 2008/12/12 v.3.1bQtree: tree-drawing for linguistics
Package: qtree 2008/12/12 v.3.1bQtree: tree-drawing for linguistics
(/usr/local/texlive/2017/texmf-dist/tex/latex/pict2e/pict2e.sty
Package: pict2e 2016/02/05 v0.3b Improved picture commands (HjG,RN,JT)

(/usr/local/texlive/2017/texmf-dist/tex/latex/pict2e/pict2e.cfg
File: pict2e.cfg 2016/02/05 v0.1u pict2e configuration for teTeX/TeXLive
)
Package pict2e Info: Driver file: pdftex.def on input line 119.
Package pict2e Info: Driver file for pict2e: p2e-pdftex.def on input line 121.

(/usr/local/texlive/2017/texmf-dist/tex/latex/pict2e/p2e-pdftex.def
File: p2e-pdftex.def 2016/02/05 v0.1u Driver-dependant file (RN,HjG,JT)
)
\pIIe@GRAPH=\toks22
\@arclen=\dimen127
\@arcrad=\dimen128
\@tempdimd=\dimen129
)
\c@treecount=\count118
\c@branchcount=\count119
\parentbox=\box30
\treebox=\box31
\treeboxone=\box32
\treeboxtwo=\box33
\treeboxthree=\box34
\treeboxfour=\box35
\treeboxfive=\box36
\treeboxsix=\box37
\treeboxseven=\box38
\treeboxeight=\box39
\treeboxnine=\box40
\treeboxten=\box41
\treeboxeleven=\box42
\treeboxtwelve=\box43
\treeboxthirteen=\box44
\treeboxfourteen=\box45
\treeboxfifteen=\box46
\treeboxsixteen=\box47
\treeboxseventeen=\box48
\treeboxeighteen=\box49
\treeboxnineteen=\box50
\treeboxtwenty=\box51
\treeoffsetone=\skip50
\treeoffsettwo=\skip51
\treeoffsetthree=\skip52
\treeoffsetfour=\skip53
\treeoffsetfive=\skip54
\treeoffsetsix=\skip55
\treeoffsetseven=\skip56
\treeoffseteight=\skip57
\treeoffsetnine=\skip58
\treeoffsetten=\skip59
\treeoffseteleven=\skip60
\treeoffsettwelve=\skip61
\treeoffsetthirteen=\skip62
\treeoffsetfourteen=\skip63
\treeoffsetfifteen=\skip64
\treeoffsetsixteen=\skip65
\treeoffsetseventeen=\skip66
\treeoffseteighteen=\skip67
\treeoffsetnineteen=\skip68
\treeoffsettwenty=\skip69
\treeshiftone=\skip70
\treeshifttwo=\skip71
\treeshiftthree=\skip72
\treeshiftfour=\skip73
\treeshiftfive=\skip74
\treeshiftsix=\skip75
\treeshiftseven=\skip76
\treeshifteight=\skip77
\treeshiftnine=\skip78
\treeshiftten=\skip79
\treeshifteleven=\skip80
\treeshifttwelve=\skip81
\treeshiftthirteen=\skip82
\treeshiftfourteen=\skip83
\treeshiftfifteen=\skip84
\treeshiftsixteen=\skip85
\treeshiftseventeen=\skip86
\treeshifteighteen=\skip87
\treeshiftnineteen=\skip88
\treeshifttwenty=\skip89
\treewidthone=\skip90
\treewidthtwo=\skip91
\treewidththree=\skip92
\treewidthfour=\skip93
\treewidthfive=\skip94
\treewidthsix=\skip95
\treewidthseven=\skip96
\treewidtheight=\skip97
\treewidthnine=\skip98
\treewidthten=\skip99
\treewidtheleven=\skip100
\treewidthtwelve=\skip101
\treewidththirteen=\skip102
\treewidthfourteen=\skip103
\treewidthfifteen=\skip104
\treewidthsixteen=\skip105
\treewidthseventeen=\skip106
\treewidtheighteen=\skip107
\treewidthnineteen=\skip108
\treewidthtwenty=\skip109
\daughteroffsetone=\skip110
\daughteroffsettwo=\skip111
\daughteroffsetthree=\skip112
\daughteroffsetfour=\skip113
\branchwidthone=\skip114
\branchwidthtwo=\skip115
\branchwidththree=\skip116
\branchwidthfour=\skip117
\parentoffset=\skip118
\treeoffset=\skip119
\daughteroffset=\skip120
\branchwidth=\skip121
\parentwidth=\skip122
\treewidth=\skip123
\qta=\toks23
\qtb=\toks24
\nbranches=\count120
\qroofx=\count121
\qroofy=\count122
\@qrscratchbox=\box52
)
Package color Info: Redefining color mdb on input line 28.
Package color Info: Redefining color cit on input line 29.
\c@problem=\count123
\c@practice=\count124
\c@lemma=\count125
\c@definition=\count126

(./math3100_hw2.aux)
\openout1 = `math3100_hw2.aux'.

LaTeX Font Info:    Checking defaults for OML/cmm/m/it on input line 65.
LaTeX Font Info:    ... okay on input line 65.
LaTeX Font Info:    Checking defaults for T1/cmr/m/n on input line 65.
LaTeX Font Info:    ... okay on input line 65.
LaTeX Font Info:    Checking defaults for OT1/cmr/m/n on input line 65.
LaTeX Font Info:    ... okay on input line 65.
LaTeX Font Info:    Checking defaults for OMS/cmsy/m/n on input line 65.
LaTeX Font Info:    ... okay on input line 65.
LaTeX Font Info:    Checking defaults for OMX/cmex/m/n on input line 65.
LaTeX Font Info:    ... okay on input line 65.
LaTeX Font Info:    Checking defaults for U/cmr/m/n on input line 65.
LaTeX Font Info:    ... okay on input line 65.
LaTeX Font Info:    Checking defaults for PD1/pdf/m/n on input line 65.
LaTeX Font Info:    ... okay on input line 65.
LaTeX Font Info:    Try loading font information for OT1+pplj on input line 65.


(/usr/local/texlive/2017/texmf-dist/tex/latex/psnfss/ot1pplj.fd
File: ot1pplj.fd 2004/09/06 font definitions for OT1/pplj.
)
\AtBeginShipoutBox=\box53
Package hyperref Info: Link coloring ON on input line 65.

(/usr/local/texlive/2017/texmf-dist/tex/latex/hyperref/nameref.sty
Package: nameref 2016/05/21 v2.44 Cross-referencing by name of section

(/usr/local/texlive/2017/texmf-dist/tex/generic/oberdiek/gettitlestring.sty
Package: gettitlestring 2016/05/16 v1.5 Cleanup title references (HO)
)
\c@section@level=\count127
)
LaTeX Info: Redefining \ref on input line 65.
LaTeX Info: Redefining \pageref on input line 65.
LaTeX Info: Redefining \nameref on input line 65.

(./math3100_hw2.out) (./math3100_hw2.out)
\@outlinefile=\write3
\openout3 = `math3100_hw2.out'.


(/usr/local/texlive/2017/texmf-dist/tex/context/base/mkii/supp-pdf.mkii
[Loading MPS to PDF converter (version 2006.09.02).]
\scratchcounter=\count128
\scratchdimen=\dimen130
\scratchbox=\box54
\nofMPsegments=\count129
\nofMParguments=\count130
\everyMPshowfont=\toks25
\MPscratchCnt=\count131
\MPscratchDim=\dimen131
\MPnumerator=\count132
\makeMPintoPDFobject=\count133
\everyMPtoPDFconversion=\toks26
) (/usr/local/texlive/2017/texmf-dist/tex/latex/oberdiek/epstopdf-base.sty
Package: epstopdf-base 2016/05/15 v2.6 Base part for package epstopdf

(/usr/local/texlive/2017/texmf-dist/tex/latex/oberdiek/grfext.sty
Package: grfext 2016/05/16 v1.2 Manage graphics extensions (HO)
)
Package epstopdf-base Info: Redefining graphics rule for `.eps' on input line 4
38.
Package grfext Info: Graphics extension search list:
(grfext)             [.png,.pdf,.jpg,.mps,.jpeg,.jbig2,.jb2,.PNG,.PDF,.JPG,.JPE
G,.JBIG2,.JB2,.eps]
(grfext)             \AppendGraphicsExtensions on input line 456.

(/usr/local/texlive/2017/texmf-dist/tex/latex/latexconfig/epstopdf-sys.cfg
File: epstopdf-sys.cfg 2010/07/13 v1.3 Configuration of (r)epstopdf for TeX Liv
e
))
*geometry* driver: auto-detecting
*geometry* detected driver: pdftex
*geometry* verbose mode - [ preamble ] result:
* driver: pdftex
* paper: <default>
* layout: <same size as paper>
* layoutoffset:(h,v)=(0.0pt,0.0pt)
* hratio: 1:1
* vratio: 1:1
* modes: 
* h-part:(L,W,R)=(108.405pt, 397.485pt, 108.405pt)
* v-part:(T,H,B)=(72.26999pt, 621.52245pt, 101.17755pt)
* \paperwidth=614.295pt
* \paperheight=794.96999pt
* \textwidth=397.485pt
* \textheight=621.52245pt
* \oddsidemargin=36.13501pt
* \evensidemargin=36.13501pt
* \topmargin=-37.0pt
* \headheight=12.0pt
* \headsep=25.0pt
* \topskip=10.0pt
* \footskip=30.0pt
* \marginparwidth=65.0pt
* \marginparsep=11.0pt
* \columnsep=10.0pt
* \skip\footins=9.0pt plus 4.0pt minus 2.0pt
* \hoffset=0.0pt
* \voffset=0.0pt
* \mag=1000
* \@twocolumnfalse
* \@twosidefalse
* \@mparswitchfalse
* \@reversemarginfalse
* (1in=72.27pt=25.4mm, 1cm=28.453pt)

LaTeX Font Info:    Font shape `OT1/pplj/bx/n' in size <14.4> not available
(Font)              Font shape `OT1/pplj/b/n' tried instead on input line 72.

Package hyperref Warning: Token not allowed in a PDF string (PDFDocEncoding):
(hyperref)                removing `\@ifnextchar' on input line 72.

LaTeX Font Info:    Font shape `OT1/pplj/bx/n' in size <12> not available
(Font)              Font shape `OT1/pplj/b/n' tried instead on input line 74.
LaTeX Font Info:    Try loading font information for OT1+ppl on input line 77.
(/usr/local/texlive/2017/texmf-dist/tex/latex/psnfss/ot1ppl.fd
File: ot1ppl.fd 2001/06/04 font definitions for OT1/ppl.
)
LaTeX Font Info:    Try loading font information for OML+zplm on input line 77.


(/usr/local/texlive/2017/texmf-dist/tex/latex/psnfss/omlzplm.fd
File: omlzplm.fd 2002/09/08 Fontinst v1.914 font definitions for OML/zplm.
)
LaTeX Font Info:    Try loading font information for OMS+zplm on input line 77.


(/usr/local/texlive/2017/texmf-dist/tex/latex/psnfss/omszplm.fd
File: omszplm.fd 2002/09/08 Fontinst v1.914 font definitions for OMS/zplm.
)
LaTeX Font Info:    Try loading font information for OMX+zplm on input line 77.


(/usr/local/texlive/2017/texmf-dist/tex/latex/psnfss/omxzplm.fd
File: omxzplm.fd 2002/09/08 Fontinst v1.914 font definitions for OMX/zplm.
)
LaTeX Font Info:    Try loading font information for OT1+zplm on input line 77.


(/usr/local/texlive/2017/texmf-dist/tex/latex/psnfss/ot1zplm.fd
File: ot1zplm.fd 2002/09/08 Fontinst v1.914 font definitions for OT1/zplm.
)
LaTeX Font Info:    Font shape `U/msa/m/n' will be
(Font)              scaled to size 10.42007pt on input line 77.
LaTeX Font Info:    Font shape `U/msa/m/n' will be
(Font)              scaled to size 7.91925pt on input line 77.
LaTeX Font Info:    Font shape `U/msa/m/n' will be
(Font)              scaled to size 6.25204pt on input line 77.
LaTeX Font Info:    Font shape `U/msb/m/n' will be
(Font)              scaled to size 10.42007pt on input line 77.
LaTeX Font Info:    Font shape `U/msb/m/n' will be
(Font)              scaled to size 7.91925pt on input line 77.
LaTeX Font Info:    Font shape `U/msb/m/n' will be
(Font)              scaled to size 6.25204pt on input line 77.
LaTeX Font Info:    Try loading font information for U+lasy on input line 77.

(/usr/local/texlive/2017/texmf-dist/tex/latex/base/ulasy.fd
File: ulasy.fd 1998/08/17 v2.2e LaTeX symbol font definitions
)
LaTeX Font Info:    Font shape `U/lasy/b/n' in size <7.6> not available
(Font)              Font shape `U/lasy/m/n' tried instead on input line 84.
LaTeX Font Info:    Font shape `U/lasy/b/n' in size <6> not available
(Font)              Font shape `U/lasy/m/n' tried instead on input line 84.
 [1

{/usr/local/texlive/2017/texmf-var/fonts/map/pdftex/updmap/pdftex.map}]
Underfull \hbox (badness 10000) in paragraph at lines 130--131

 []


Package hyperref Warning: Token not allowed in a PDF string (PDFDocEncoding):
(hyperref)                removing `\@ifnextchar' on input line 142.


Underfull \hbox (badness 10000) in paragraph at lines 153--156

 []

LaTeX Font Info:    Font shape `OT1/pplj/m/sl' in size <10> not available
(Font)              Font shape `OT1/pplj/m/it' tried instead on input line 156.

pdfTeX warning (ext4): destination with the same identifier (name{page.}) has b
een already used, duplicate ignored
<to be read again> 
                   \relax 
l.156  \subsection
                  {} [2]
Underfull \hbox (badness 10000) in paragraph at lines 157--163

 []


Underfull \hbox (badness 10000) in paragraph at lines 173--174

 []


Underfull \hbox (badness 10000) in paragraph at lines 177--179

 []


Underfull \hbox (badness 10000) in paragraph at lines 193--195

 []

pdfTeX warning (ext4): destination with the same identifier (name{page.}) has b
een already used, duplicate ignored
<to be read again> 
                   \relax 
l.195 \begin{align*}
                     [3]
Underfull \hbox (badness 10000) in paragraph at lines 205--209

 []

<diagram.png, id=69, 393.47pt x 343.2825pt>
File: diagram.png Graphic file (type png)
 <use diagram.png>
Package pdftex.def Info: diagram.png used on input line 210.
(pdftex.def)             Requested size: 196.73451pt x 171.64082pt.


Package hyperref Warning: Token not allowed in a PDF string (PDFDocEncoding):
(hyperref)                removing `\@ifnextchar' on input line 216.

LaTeX Font Info:    Font shape `OT1/pplj/bx/n' in size <10> not available
(Font)              Font shape `OT1/pplj/b/n' tried instead on input line 217.
Missing character: There is no â in font pplr9o!
Missing character: There is no € in font pplr9o!
Missing character: There is no ™ in font pplr9o!
<bayes.jpeg, id=71, 722.7pt x 963.6pt>
File: bayes.jpeg Graphic file (type jpg)
 <use bayes.jpeg>
Package pdftex.def Info: bayes.jpeg used on input line 222.
(pdftex.def)             Requested size: 361.3491pt x 481.79883pt.
Package atveryend Info: Empty hook `BeforeClearDocument' on input line 223.

Underfull \hbox (badness 10000) in paragraph at lines 217--223

 []

pdfTeX warning (ext4): destination with the same identifier (name{page.}) has b
een already used, duplicate ignored
<to be read again> 
                   \relax 
l.223 \end{document}
                     [4 <./diagram.png>]pdfTeX warning (ext4): destination with
 the same identifier (name{page.}) has been already used, duplicate ignored
<to be read again> 
                   \relax 
l.223 \end{document}
                     [5 <./bayes.jpeg>]
Package atveryend Info: Empty hook `AfterLastShipout' on input line 223.
 (./math3100_hw2.aux)
Package atveryend Info: Executing hook `AtVeryEndDocument' on input line 223.
Package atveryend Info: Executing hook `AtEndAfterFileList' on input line 223.
Package rerunfilecheck Info: File `math3100_hw2.out' has not changed.
(rerunfilecheck)             Checksum: 974CD10DD5F160AA1053BAB4B1E8725F;523.
Package atveryend Info: Empty hook `AtVeryVeryEnd' on input line 223.
 ) 
Here is how much of TeX's memory you used:
 7231 strings out of 492995
 105094 string characters out of 6132704
 207952 words of memory out of 5000000
 10631 multiletter control sequences out of 15000+600000
 38255 words of font info for 98 fonts, out of 8000000 for 9000
 1141 hyphenation exceptions out of 8191
 32i,14n,32p,407b,489s stack positions out of 5000i,500n,10000p,200000b,80000s
{/usr/local/texlive/2017/texmf-dist/fonts/enc/dvips/base/8r.enc}</usr/local/t
exlive/2017/texmf-dist/fonts/type1/public/amsfonts/cm/cmbsy10.pfb></usr/local/t
exlive/2017/texmf-dist/fonts/type1/public/amsfonts/cm/cmr10.pfb></usr/local/tex
live/2017/texmf-dist/fonts/type1/public/amsfonts/cm/cmsy10.pfb></usr/local/texl
ive/2017/texmf-dist/fonts/type1/public/fpl/fplbj8a.pfb></usr/local/texlive/2017
/texmf-dist/fonts/type1/public/fpl/fplrc8a.pfb></usr/local/texlive/2017/texmf-d
ist/fonts/type1/public/amsfonts/latxfont/lasy10.pfb></usr/local/texlive/2017/te
xmf-dist/fonts/type1/urw/palatino/uplb8a.pfb></usr/local/texlive/2017/texmf-dis
t/fonts/type1/urw/palatino/uplr8a.pfb></usr/local/texlive/2017/texmf-dist/fonts
/type1/urw/palatino/uplri8a.pfb>
Output written on math3100_hw2.pdf (5 pages, 888815 bytes).
PDF statistics:
 117 PDF objects out of 1000 (max. 8388607)
 97 compressed objects within 1 object stream
 21 named destinations out of 1000 (max. 500000)
 83 words of extra memory for PDF output out of 10000 (max. 10000000)

